{"name":"hexo","hostname":"User-PC","pid":8900,"level":20,"msg":"Hexo version: \u001b[35m3.2.2\u001b[39m","time":"2020-02-14T10:45:44.148Z","v":0}
{"name":"hexo","hostname":"User-PC","pid":8900,"level":20,"msg":"Working directory: \u001b[35mF:\\blog\\\u001b[39m","time":"2020-02-14T10:45:44.164Z","v":0}
{"name":"hexo","hostname":"User-PC","pid":8900,"level":20,"msg":"Config loaded: \u001b[35mF:\\blog\\_config.yml\u001b[39m","time":"2020-02-14T10:45:44.710Z","v":0}
{"name":"hexo","hostname":"User-PC","pid":8900,"level":20,"msg":"Plugin loaded: \u001b[35mhexo-deployer-git\u001b[39m","time":"2020-02-14T10:45:44.834Z","v":0}
{"name":"hexo","hostname":"User-PC","pid":8900,"level":20,"msg":"Plugin loaded: \u001b[35mhexo-generator-archive\u001b[39m","time":"2020-02-14T10:45:44.866Z","v":0}
{"name":"hexo","hostname":"User-PC","pid":8900,"level":20,"msg":"Plugin loaded: \u001b[35mhexo-generator-index\u001b[39m","time":"2020-02-14T10:45:44.897Z","v":0}
{"name":"hexo","hostname":"User-PC","pid":8900,"level":20,"msg":"Plugin loaded: \u001b[35mhexo-generator-category\u001b[39m","time":"2020-02-14T10:45:44.912Z","v":0}
{"name":"hexo","hostname":"User-PC","pid":8900,"level":20,"msg":"Plugin loaded: \u001b[35mhexo-generator-searchdb\u001b[39m","time":"2020-02-14T10:45:45.022Z","v":0}
{"name":"hexo","hostname":"User-PC","pid":8900,"level":20,"msg":"Plugin loaded: \u001b[35mhexo-generator-tag\u001b[39m","time":"2020-02-14T10:45:45.037Z","v":0}
{"name":"hexo","hostname":"User-PC","pid":8900,"level":20,"msg":"Plugin loaded: \u001b[35mhexo-renderer-ejs\u001b[39m","time":"2020-02-14T10:45:45.037Z","v":0}
{"name":"hexo","hostname":"User-PC","pid":8900,"level":20,"msg":"Plugin loaded: \u001b[35mhexo-renderer-stylus\u001b[39m","time":"2020-02-14T10:45:45.037Z","v":0}
{"name":"hexo","hostname":"User-PC","pid":8900,"level":20,"msg":"Plugin loaded: \u001b[35mhexo-renderer-marked\u001b[39m","time":"2020-02-14T10:45:45.084Z","v":0}
{"name":"hexo","hostname":"User-PC","pid":8900,"level":20,"msg":"Plugin loaded: \u001b[35mhexo-server\u001b[39m","time":"2020-02-14T10:45:45.349Z","v":0}
{"name":"hexo","hostname":"User-PC","pid":8900,"level":20,"msg":"Script loaded: \u001b[35mthemes\\next\\scripts\\merge-configs.js\u001b[39m","time":"2020-02-14T10:45:45.365Z","v":0}
{"name":"hexo","hostname":"User-PC","pid":8900,"level":20,"msg":"Script loaded: \u001b[35mthemes\\next\\scripts\\tags\\center-quote.js\u001b[39m","time":"2020-02-14T10:45:45.365Z","v":0}
{"name":"hexo","hostname":"User-PC","pid":8900,"level":20,"msg":"Script loaded: \u001b[35mthemes\\next\\scripts\\tags\\exturl.js\u001b[39m","time":"2020-02-14T10:45:45.365Z","v":0}
{"name":"hexo","hostname":"User-PC","pid":8900,"level":20,"msg":"Script loaded: \u001b[35mthemes\\next\\scripts\\tags\\note.js\u001b[39m","time":"2020-02-14T10:45:45.365Z","v":0}
{"name":"hexo","hostname":"User-PC","pid":8900,"level":20,"msg":"Script loaded: \u001b[35mthemes\\next\\scripts\\tags\\button.js\u001b[39m","time":"2020-02-14T10:45:45.365Z","v":0}
{"name":"hexo","hostname":"User-PC","pid":8900,"level":20,"msg":"Script loaded: \u001b[35mthemes\\next\\scripts\\merge.js\u001b[39m","time":"2020-02-14T10:45:45.365Z","v":0}
{"name":"hexo","hostname":"User-PC","pid":8900,"level":20,"msg":"Script loaded: \u001b[35mthemes\\next\\scripts\\tags\\full-image.js\u001b[39m","time":"2020-02-14T10:45:45.380Z","v":0}
{"name":"hexo","hostname":"User-PC","pid":8900,"level":20,"msg":"Script loaded: \u001b[35mthemes\\next\\scripts\\tags\\group-pictures.js\u001b[39m","time":"2020-02-14T10:45:45.380Z","v":0}
{"name":"hexo","hostname":"User-PC","pid":8900,"level":20,"msg":"Loading database.","time":"2020-02-14T10:45:45.396Z","v":0}
{"name":"hexo","hostname":"User-PC","pid":8900,"level":30,"msg":"Start processing","time":"2020-02-14T10:45:45.521Z","v":0}
{"name":"hexo","hostname":"User-PC","pid":8900,"level":20,"msg":"Processed: \u001b[35mStaticfile\u001b[39m","time":"2020-02-14T10:45:45.599Z","v":0}
{"name":"hexo","hostname":"User-PC","pid":8900,"level":20,"msg":"Processed: \u001b[35mCNAME\u001b[39m","time":"2020-02-14T10:45:45.614Z","v":0}
{"name":"hexo","hostname":"User-PC","pid":8900,"level":20,"msg":"Processed: \u001b[35m_posts/HTML5-CSS-2.md\u001b[39m","time":"2020-02-14T10:45:45.739Z","v":0}
{"name":"hexo","hostname":"User-PC","pid":8900,"level":20,"msg":"Processed: \u001b[35m_posts/HTML5-CSS-5.md\u001b[39m","time":"2020-02-14T10:45:45.739Z","v":0}
{"name":"hexo","hostname":"User-PC","pid":8900,"level":20,"msg":"Processed: \u001b[35m_posts/BlurImage.md\u001b[39m","time":"2020-02-14T10:45:45.739Z","v":0}
{"name":"hexo","hostname":"User-PC","pid":8900,"level":20,"msg":"Processed: \u001b[35m_posts/HTML5-CSS-4.md\u001b[39m","time":"2020-02-14T10:45:45.739Z","v":0}
{"name":"hexo","hostname":"User-PC","pid":8900,"level":20,"msg":"Processed: \u001b[35m_posts/HTML5-CSS-3.md\u001b[39m","time":"2020-02-14T10:45:45.739Z","v":0}
{"name":"hexo","hostname":"User-PC","pid":8900,"level":20,"msg":"Processed: \u001b[35m_posts/JS_Liao-2.md\u001b[39m","time":"2020-02-14T10:45:45.739Z","v":0}
{"name":"hexo","hostname":"User-PC","pid":8900,"level":20,"msg":"Processed: \u001b[35m_posts/hello-world.md\u001b[39m","time":"2020-02-14T10:45:45.755Z","v":0}
{"name":"hexo","hostname":"User-PC","pid":8900,"level":20,"msg":"Processed: \u001b[35m_posts/JS 字符串操作.md\u001b[39m","time":"2020-02-14T10:45:45.755Z","v":0}
{"name":"hexo","hostname":"User-PC","pid":8900,"level":20,"msg":"Processed: \u001b[35mcategories/index.md\u001b[39m","time":"2020-02-14T10:45:45.755Z","v":0}
{"name":"hexo","hostname":"User-PC","pid":8900,"level":20,"msg":"Processed: \u001b[35m_posts/JS高级程序设计学习笔记.md\u001b[39m","time":"2020-02-14T10:45:45.755Z","v":0}
{"name":"hexo","hostname":"User-PC","pid":8900,"level":20,"msg":"Processed: \u001b[35m_posts/工作总结(Nobook).md\u001b[39m","time":"2020-02-14T10:45:45.755Z","v":0}
{"name":"hexo","hostname":"User-PC","pid":8900,"level":20,"msg":"Processed: \u001b[35m_posts/JQuery.md\u001b[39m","time":"2020-02-14T10:45:45.755Z","v":0}
{"name":"hexo","hostname":"User-PC","pid":8900,"level":20,"msg":"Processed: \u001b[35mtags/index.md\u001b[39m","time":"2020-02-14T10:45:45.755Z","v":0}
{"name":"hexo","hostname":"User-PC","pid":8900,"level":20,"msg":"Processed: \u001b[35m_posts/基本知识总结.md\u001b[39m","time":"2020-02-14T10:45:45.755Z","v":0}
{"name":"hexo","hostname":"User-PC","pid":8900,"level":20,"msg":"Processed: \u001b[35m_posts/personal-summary.md\u001b[39m","time":"2020-02-14T10:45:45.755Z","v":0}
{"name":"hexo","hostname":"User-PC","pid":8900,"level":20,"msg":"Processed: \u001b[35m_posts/常见排序算法的JS实现.md\u001b[39m","time":"2020-02-14T10:45:45.755Z","v":0}
{"name":"hexo","hostname":"User-PC","pid":8900,"level":20,"msg":"Processed: \u001b[35m_posts/JS_Liao-1.md\u001b[39m","time":"2020-02-14T10:45:45.770Z","v":0}
{"name":"hexo","hostname":"User-PC","pid":8900,"level":20,"msg":"Processed: \u001b[35mimg/promise.png\u001b[39m","time":"2020-02-14T10:45:45.770Z","v":0}
{"name":"hexo","hostname":"User-PC","pid":8900,"level":20,"msg":"Processed: \u001b[35mimg/ajax.png\u001b[39m","time":"2020-02-14T10:45:45.770Z","v":0}
{"name":"hexo","hostname":"User-PC","pid":8900,"level":20,"msg":"Processed: \u001b[35msource/404.html\u001b[39m","time":"2020-02-14T10:45:45.770Z","v":0}
{"name":"hexo","hostname":"User-PC","pid":8900,"level":20,"msg":"Processed: \u001b[35m_posts/JS高级程序设计学习笔记\u001b[39m","time":"2020-02-14T10:45:45.770Z","v":0}
{"name":"hexo","hostname":"User-PC","pid":8900,"level":20,"msg":"Processed: \u001b[35msource/resume.md\u001b[39m","time":"2020-02-14T10:45:45.973Z","v":0}
{"name":"hexo","hostname":"User-PC","pid":8900,"level":20,"msg":"Theme config loaded.","time":"2020-02-14T10:45:46.020Z","v":0}
{"name":"hexo","hostname":"User-PC","pid":8900,"level":20,"msg":"Processed: \u001b[35m_config.yml\u001b[39m","time":"2020-02-14T10:45:46.020Z","v":0}
{"name":"hexo","hostname":"User-PC","pid":8900,"level":20,"msg":"Processed: \u001b[35msource/images/algolia_logo.svg\u001b[39m","time":"2020-02-14T10:45:46.020Z","v":0}
{"name":"hexo","hostname":"User-PC","pid":8900,"level":20,"msg":"Processed: \u001b[35msource/images/avatar.jpg\u001b[39m","time":"2020-02-14T10:45:46.020Z","v":0}
{"name":"hexo","hostname":"User-PC","pid":8900,"level":20,"msg":"Processed: \u001b[35msource/images/avatar.gif\u001b[39m","time":"2020-02-14T10:45:46.020Z","v":0}
{"name":"hexo","hostname":"User-PC","pid":8900,"level":20,"msg":"Processed: \u001b[35msource/images/cc-by-nc-nd.svg\u001b[39m","time":"2020-02-14T10:45:46.020Z","v":0}
{"name":"hexo","hostname":"User-PC","pid":8900,"level":20,"msg":"Processed: \u001b[35msource/images/cc-by-nc.svg\u001b[39m","time":"2020-02-14T10:45:46.036Z","v":0}
{"name":"hexo","hostname":"User-PC","pid":8900,"level":20,"msg":"Processed: \u001b[35msource/images/cc-by-nc-sa.svg\u001b[39m","time":"2020-02-14T10:45:46.036Z","v":0}
{"name":"hexo","hostname":"User-PC","pid":8900,"level":20,"msg":"Processed: \u001b[35msource/images/cc-by-nd.svg\u001b[39m","time":"2020-02-14T10:45:46.036Z","v":0}
{"name":"hexo","hostname":"User-PC","pid":8900,"level":20,"msg":"Processed: \u001b[35msource/images/placeholder.gif\u001b[39m","time":"2020-02-14T10:45:46.036Z","v":0}
{"name":"hexo","hostname":"User-PC","pid":8900,"level":20,"msg":"Processed: \u001b[35msource/images/loading.gif\u001b[39m","time":"2020-02-14T10:45:46.036Z","v":0}
{"name":"hexo","hostname":"User-PC","pid":8900,"level":20,"msg":"Processed: \u001b[35msource/images/quote-l.svg\u001b[39m","time":"2020-02-14T10:45:46.036Z","v":0}
{"name":"hexo","hostname":"User-PC","pid":8900,"level":20,"msg":"Processed: \u001b[35msource/images/cc-by-sa.svg\u001b[39m","time":"2020-02-14T10:45:46.036Z","v":0}
{"name":"hexo","hostname":"User-PC","pid":8900,"level":20,"msg":"Processed: \u001b[35msource/images/cc-by.svg\u001b[39m","time":"2020-02-14T10:45:46.036Z","v":0}
{"name":"hexo","hostname":"User-PC","pid":8900,"level":20,"msg":"Processed: \u001b[35msource/images/quote-r.svg\u001b[39m","time":"2020-02-14T10:45:46.036Z","v":0}
{"name":"hexo","hostname":"User-PC","pid":8900,"level":20,"msg":"Processed: \u001b[35msource/images/cc-zero.svg\u001b[39m","time":"2020-02-14T10:45:46.036Z","v":0}
{"name":"hexo","hostname":"User-PC","pid":8900,"level":20,"msg":"Processed: \u001b[35msource/css/main.styl\u001b[39m","time":"2020-02-14T10:45:46.051Z","v":0}
{"name":"hexo","hostname":"User-PC","pid":8900,"level":20,"msg":"Processed: \u001b[35msource/images/resume.png\u001b[39m","time":"2020-02-14T10:45:46.051Z","v":0}
{"name":"hexo","hostname":"User-PC","pid":8900,"level":20,"msg":"Processed: \u001b[35msource/images/searchicon.png\u001b[39m","time":"2020-02-14T10:45:46.051Z","v":0}
{"name":"hexo","hostname":"User-PC","pid":8900,"level":20,"msg":"Processed: \u001b[35msource/images/zhihu.jpg\u001b[39m","time":"2020-02-14T10:45:46.051Z","v":0}
{"name":"hexo","hostname":"User-PC","pid":8900,"level":20,"msg":"Processed: \u001b[35mlayout/_layout.swig\u001b[39m","time":"2020-02-14T10:45:46.238Z","v":0}
{"name":"hexo","hostname":"User-PC","pid":8900,"level":20,"msg":"Processed: \u001b[35mlayout/index.swig\u001b[39m","time":"2020-02-14T10:45:46.238Z","v":0}
{"name":"hexo","hostname":"User-PC","pid":8900,"level":20,"msg":"Processed: \u001b[35mlayout/category.swig\u001b[39m","time":"2020-02-14T10:45:46.254Z","v":0}
{"name":"hexo","hostname":"User-PC","pid":8900,"level":20,"msg":"Processed: \u001b[35mlayout/page.swig\u001b[39m","time":"2020-02-14T10:45:46.254Z","v":0}
{"name":"hexo","hostname":"User-PC","pid":8900,"level":20,"msg":"Processed: \u001b[35mlayout/schedule.swig\u001b[39m","time":"2020-02-14T10:45:46.254Z","v":0}
{"name":"hexo","hostname":"User-PC","pid":8900,"level":20,"msg":"Processed: \u001b[35mlayout/post.swig\u001b[39m","time":"2020-02-14T10:45:46.254Z","v":0}
{"name":"hexo","hostname":"User-PC","pid":8900,"level":20,"msg":"Processed: \u001b[35mlayout/archive.swig\u001b[39m","time":"2020-02-14T10:45:46.254Z","v":0}
{"name":"hexo","hostname":"User-PC","pid":8900,"level":20,"msg":"Processed: \u001b[35mlayout/tag.swig\u001b[39m","time":"2020-02-14T10:45:46.254Z","v":0}
{"name":"hexo","hostname":"User-PC","pid":8900,"level":20,"msg":"Processed: \u001b[35mlanguages/de.yml\u001b[39m","time":"2020-02-14T10:45:46.270Z","v":0}
{"name":"hexo","hostname":"User-PC","pid":8900,"level":20,"msg":"Processed: \u001b[35mlanguages/en.yml\u001b[39m","time":"2020-02-14T10:45:46.270Z","v":0}
{"name":"hexo","hostname":"User-PC","pid":8900,"level":20,"msg":"Processed: \u001b[35mlanguages/default.yml\u001b[39m","time":"2020-02-14T10:45:46.270Z","v":0}
{"name":"hexo","hostname":"User-PC","pid":8900,"level":20,"msg":"Processed: \u001b[35mlanguages/ko.yml\u001b[39m","time":"2020-02-14T10:45:46.270Z","v":0}
{"name":"hexo","hostname":"User-PC","pid":8900,"level":20,"msg":"Processed: \u001b[35mlanguages/fr-FR.yml\u001b[39m","time":"2020-02-14T10:45:46.270Z","v":0}
{"name":"hexo","hostname":"User-PC","pid":8900,"level":20,"msg":"Processed: \u001b[35mlanguages/id.yml\u001b[39m","time":"2020-02-14T10:45:46.270Z","v":0}
{"name":"hexo","hostname":"User-PC","pid":8900,"level":20,"msg":"Processed: \u001b[35mlanguages/ja.yml\u001b[39m","time":"2020-02-14T10:45:46.270Z","v":0}
{"name":"hexo","hostname":"User-PC","pid":8900,"level":20,"msg":"Processed: \u001b[35mlanguages/zh-Hans.yml\u001b[39m","time":"2020-02-14T10:45:46.270Z","v":0}
{"name":"hexo","hostname":"User-PC","pid":8900,"level":20,"msg":"Processed: \u001b[35mlanguages/zh-hk.yml\u001b[39m","time":"2020-02-14T10:45:46.285Z","v":0}
{"name":"hexo","hostname":"User-PC","pid":8900,"level":20,"msg":"Processed: \u001b[35mlanguages/pt.yml\u001b[39m","time":"2020-02-14T10:45:46.285Z","v":0}
{"name":"hexo","hostname":"User-PC","pid":8900,"level":20,"msg":"Processed: \u001b[35mlanguages/zh-tw.yml\u001b[39m","time":"2020-02-14T10:45:46.285Z","v":0}
{"name":"hexo","hostname":"User-PC","pid":8900,"level":20,"msg":"Processed: \u001b[35mlanguages/ru.yml\u001b[39m","time":"2020-02-14T10:45:46.285Z","v":0}
{"name":"hexo","hostname":"User-PC","pid":8900,"level":20,"msg":"Processed: \u001b[35mlanguages/pt-BR.yml\u001b[39m","time":"2020-02-14T10:45:46.285Z","v":0}
{"name":"hexo","hostname":"User-PC","pid":8900,"level":20,"msg":"Processed: \u001b[35msource/js/src/algolia-search.js\u001b[39m","time":"2020-02-14T10:45:46.285Z","v":0}
{"name":"hexo","hostname":"User-PC","pid":8900,"level":20,"msg":"Processed: \u001b[35msource/js/src/bootstrap.js\u001b[39m","time":"2020-02-14T10:45:46.285Z","v":0}
{"name":"hexo","hostname":"User-PC","pid":8900,"level":20,"msg":"Processed: \u001b[35msource/js/src/exturl.js\u001b[39m","time":"2020-02-14T10:45:46.285Z","v":0}
{"name":"hexo","hostname":"User-PC","pid":8900,"level":20,"msg":"Processed: \u001b[35msource/js/src/affix.js\u001b[39m","time":"2020-02-14T10:45:46.285Z","v":0}
{"name":"hexo","hostname":"User-PC","pid":8900,"level":20,"msg":"Processed: \u001b[35msource/js/src/motion.js\u001b[39m","time":"2020-02-14T10:45:46.301Z","v":0}
{"name":"hexo","hostname":"User-PC","pid":8900,"level":20,"msg":"Processed: \u001b[35msource/js/src/scrollspy.js\u001b[39m","time":"2020-02-14T10:45:46.301Z","v":0}
{"name":"hexo","hostname":"User-PC","pid":8900,"level":20,"msg":"Processed: \u001b[35msource/js/src/utils.js\u001b[39m","time":"2020-02-14T10:45:46.301Z","v":0}
{"name":"hexo","hostname":"User-PC","pid":8900,"level":20,"msg":"Processed: \u001b[35msource/lib/algolia-instant-search/instantsearch.min.css\u001b[39m","time":"2020-02-14T10:45:46.301Z","v":0}
{"name":"hexo","hostname":"User-PC","pid":8900,"level":20,"msg":"Processed: \u001b[35msource/lib/canvas-nest/canvas-nest.min.js\u001b[39m","time":"2020-02-14T10:45:46.316Z","v":0}
{"name":"hexo","hostname":"User-PC","pid":8900,"level":20,"msg":"Processed: \u001b[35msource/js/src/post-details.js\u001b[39m","time":"2020-02-14T10:45:46.316Z","v":0}
{"name":"hexo","hostname":"User-PC","pid":8900,"level":20,"msg":"Processed: \u001b[35msource/lib/fastclick/bower.json\u001b[39m","time":"2020-02-14T10:45:46.316Z","v":0}
{"name":"hexo","hostname":"User-PC","pid":8900,"level":20,"msg":"Processed: \u001b[35msource/lib/fastclick/README.md\u001b[39m","time":"2020-02-14T10:45:46.316Z","v":0}
{"name":"hexo","hostname":"User-PC","pid":8900,"level":20,"msg":"Processed: \u001b[35msource/lib/fastclick/LICENSE\u001b[39m","time":"2020-02-14T10:45:46.316Z","v":0}
{"name":"hexo","hostname":"User-PC","pid":8900,"level":20,"msg":"Processed: \u001b[35msource/js/src/hook-duoshuo.js\u001b[39m","time":"2020-02-14T10:45:46.316Z","v":0}
{"name":"hexo","hostname":"User-PC","pid":8900,"level":20,"msg":"Processed: \u001b[35msource/lib/font-awesome/HELP-US-OUT.txt\u001b[39m","time":"2020-02-14T10:45:46.316Z","v":0}
{"name":"hexo","hostname":"User-PC","pid":8900,"level":20,"msg":"Processed: \u001b[35msource/lib/font-awesome/bower.json\u001b[39m","time":"2020-02-14T10:45:46.316Z","v":0}
{"name":"hexo","hostname":"User-PC","pid":8900,"level":20,"msg":"Processed: \u001b[35msource/lib/jquery_lazyload/bower.json\u001b[39m","time":"2020-02-14T10:45:46.316Z","v":0}
{"name":"hexo","hostname":"User-PC","pid":8900,"level":20,"msg":"Processed: \u001b[35msource/lib/jquery_lazyload/jquery.lazyload.js\u001b[39m","time":"2020-02-14T10:45:46.316Z","v":0}
{"name":"hexo","hostname":"User-PC","pid":8900,"level":20,"msg":"Processed: \u001b[35msource/lib/jquery_lazyload/CONTRIBUTING.md\u001b[39m","time":"2020-02-14T10:45:46.316Z","v":0}
{"name":"hexo","hostname":"User-PC","pid":8900,"level":20,"msg":"Processed: \u001b[35msource/lib/jquery_lazyload/README.md\u001b[39m","time":"2020-02-14T10:45:46.332Z","v":0}
{"name":"hexo","hostname":"User-PC","pid":8900,"level":20,"msg":"Processed: \u001b[35msource/lib/jquery_lazyload/jquery.scrollstop.js\u001b[39m","time":"2020-02-14T10:45:46.332Z","v":0}
{"name":"hexo","hostname":"User-PC","pid":8900,"level":20,"msg":"Processed: \u001b[35msource/lib/velocity/velocity.min.js\u001b[39m","time":"2020-02-14T10:45:46.332Z","v":0}
{"name":"hexo","hostname":"User-PC","pid":8900,"level":20,"msg":"Processed: \u001b[35msource/lib/velocity/bower.json\u001b[39m","time":"2020-02-14T10:45:46.332Z","v":0}
{"name":"hexo","hostname":"User-PC","pid":8900,"level":20,"msg":"Processed: \u001b[35msource/lib/velocity/velocity.ui.min.js\u001b[39m","time":"2020-02-14T10:45:46.332Z","v":0}
{"name":"hexo","hostname":"User-PC","pid":8900,"level":20,"msg":"Processed: \u001b[35msource/lib/velocity/velocity.ui.js\u001b[39m","time":"2020-02-14T10:45:46.332Z","v":0}
{"name":"hexo","hostname":"User-PC","pid":8900,"level":20,"msg":"Processed: \u001b[35msource/lib/jquery/index.js\u001b[39m","time":"2020-02-14T10:45:46.332Z","v":0}
{"name":"hexo","hostname":"User-PC","pid":8900,"level":20,"msg":"Processed: \u001b[35mlayout/_macro/post-collapse.swig\u001b[39m","time":"2020-02-14T10:45:46.363Z","v":0}
{"name":"hexo","hostname":"User-PC","pid":8900,"level":20,"msg":"Processed: \u001b[35mlayout/_macro/post-copyright.swig\u001b[39m","time":"2020-02-14T10:45:46.379Z","v":0}
{"name":"hexo","hostname":"User-PC","pid":8900,"level":20,"msg":"Processed: \u001b[35mlayout/_macro/wechat-subscriber.swig\u001b[39m","time":"2020-02-14T10:45:46.379Z","v":0}
{"name":"hexo","hostname":"User-PC","pid":8900,"level":20,"msg":"Processed: \u001b[35mlayout/_macro/reward.swig\u001b[39m","time":"2020-02-14T10:45:46.379Z","v":0}
{"name":"hexo","hostname":"User-PC","pid":8900,"level":20,"msg":"Processed: \u001b[35mlayout/_partials/footer.swig\u001b[39m","time":"2020-02-14T10:45:46.379Z","v":0}
{"name":"hexo","hostname":"User-PC","pid":8900,"level":20,"msg":"Processed: \u001b[35mlayout/_partials/header.swig\u001b[39m","time":"2020-02-14T10:45:46.379Z","v":0}
{"name":"hexo","hostname":"User-PC","pid":8900,"level":20,"msg":"Processed: \u001b[35mlayout/_macro/sidebar.swig\u001b[39m","time":"2020-02-14T10:45:46.379Z","v":0}
{"name":"hexo","hostname":"User-PC","pid":8900,"level":20,"msg":"Processed: \u001b[35mlayout/_partials/page-header.swig\u001b[39m","time":"2020-02-14T10:45:46.379Z","v":0}
{"name":"hexo","hostname":"User-PC","pid":8900,"level":20,"msg":"Processed: \u001b[35mlayout/_partials/pagination.swig\u001b[39m","time":"2020-02-14T10:45:46.379Z","v":0}
{"name":"hexo","hostname":"User-PC","pid":8900,"level":20,"msg":"Processed: \u001b[35mlayout/_partials/head.swig\u001b[39m","time":"2020-02-14T10:45:46.379Z","v":0}
{"name":"hexo","hostname":"User-PC","pid":8900,"level":20,"msg":"Processed: \u001b[35mlayout/_partials/search.swig\u001b[39m","time":"2020-02-14T10:45:46.379Z","v":0}
{"name":"hexo","hostname":"User-PC","pid":8900,"level":20,"msg":"Processed: \u001b[35mlayout/_custom/sidebar.swig\u001b[39m","time":"2020-02-14T10:45:46.394Z","v":0}
{"name":"hexo","hostname":"User-PC","pid":8900,"level":20,"msg":"Processed: \u001b[35mlayout/_custom/header.swig\u001b[39m","time":"2020-02-14T10:45:46.394Z","v":0}
{"name":"hexo","hostname":"User-PC","pid":8900,"level":20,"msg":"Processed: \u001b[35mlayout/_partials/duoshuo-hot-articles.swig\u001b[39m","time":"2020-02-14T10:45:46.394Z","v":0}
{"name":"hexo","hostname":"User-PC","pid":8900,"level":20,"msg":"Processed: \u001b[35mlayout/_scripts/baidu-push.swig\u001b[39m","time":"2020-02-14T10:45:46.394Z","v":0}
{"name":"hexo","hostname":"User-PC","pid":8900,"level":20,"msg":"Processed: \u001b[35mlayout/_scripts/boostrap.swig\u001b[39m","time":"2020-02-14T10:45:46.394Z","v":0}
{"name":"hexo","hostname":"User-PC","pid":8900,"level":20,"msg":"Processed: \u001b[35mlayout/_scripts/commons.swig\u001b[39m","time":"2020-02-14T10:45:46.394Z","v":0}
{"name":"hexo","hostname":"User-PC","pid":8900,"level":20,"msg":"Processed: \u001b[35msource/lib/fancybox/source/blank.gif\u001b[39m","time":"2020-02-14T10:45:46.394Z","v":0}
{"name":"hexo","hostname":"User-PC","pid":8900,"level":20,"msg":"Processed: \u001b[35msource/lib/fancybox/source/fancybox_loading.gif\u001b[39m","time":"2020-02-14T10:45:46.394Z","v":0}
{"name":"hexo","hostname":"User-PC","pid":8900,"level":20,"msg":"Processed: \u001b[35msource/lib/fancybox/source/fancybox_loading@2x.gif\u001b[39m","time":"2020-02-14T10:45:46.394Z","v":0}
{"name":"hexo","hostname":"User-PC","pid":8900,"level":20,"msg":"Processed: \u001b[35msource/lib/fancybox/source/fancybox_overlay.png\u001b[39m","time":"2020-02-14T10:45:46.394Z","v":0}
{"name":"hexo","hostname":"User-PC","pid":8900,"level":20,"msg":"Processed: \u001b[35msource/lib/fancybox/source/fancybox_sprite.png\u001b[39m","time":"2020-02-14T10:45:46.410Z","v":0}
{"name":"hexo","hostname":"User-PC","pid":8900,"level":20,"msg":"Processed: \u001b[35msource/lib/fancybox/source/jquery.fancybox.css\u001b[39m","time":"2020-02-14T10:45:46.410Z","v":0}
{"name":"hexo","hostname":"User-PC","pid":8900,"level":20,"msg":"Processed: \u001b[35msource/lib/fancybox/source/fancybox_sprite@2x.png\u001b[39m","time":"2020-02-14T10:45:46.410Z","v":0}
{"name":"hexo","hostname":"User-PC","pid":8900,"level":20,"msg":"Processed: \u001b[35msource/lib/fancybox/source/jquery.fancybox.pack.js\u001b[39m","time":"2020-02-14T10:45:46.410Z","v":0}
{"name":"hexo","hostname":"User-PC","pid":8900,"level":20,"msg":"Processed: \u001b[35msource/lib/fastclick/lib/fastclick.js\u001b[39m","time":"2020-02-14T10:45:46.410Z","v":0}
{"name":"hexo","hostname":"User-PC","pid":8900,"level":20,"msg":"Processed: \u001b[35msource/js/src/schemes/pisces.js\u001b[39m","time":"2020-02-14T10:45:46.410Z","v":0}
{"name":"hexo","hostname":"User-PC","pid":8900,"level":20,"msg":"Processed: \u001b[35msource/lib/font-awesome/css/font-awesome.css.map\u001b[39m","time":"2020-02-14T10:45:46.410Z","v":0}
{"name":"hexo","hostname":"User-PC","pid":8900,"level":20,"msg":"Processed: \u001b[35msource/lib/fancybox/source/jquery.fancybox.js\u001b[39m","time":"2020-02-14T10:45:46.410Z","v":0}
{"name":"hexo","hostname":"User-PC","pid":8900,"level":20,"msg":"Processed: \u001b[35msource/lib/fastclick/lib/fastclick.min.js\u001b[39m","time":"2020-02-14T10:45:46.410Z","v":0}
{"name":"hexo","hostname":"User-PC","pid":8900,"level":20,"msg":"Processed: \u001b[35msource/lib/font-awesome/css/font-awesome.css\u001b[39m","time":"2020-02-14T10:45:46.410Z","v":0}
{"name":"hexo","hostname":"User-PC","pid":8900,"level":20,"msg":"Processed: \u001b[35msource/lib/font-awesome/css/font-awesome.min.css\u001b[39m","time":"2020-02-14T10:45:46.410Z","v":0}
{"name":"hexo","hostname":"User-PC","pid":8900,"level":20,"msg":"Processed: \u001b[35msource/lib/ua-parser-js/dist/ua-parser.min.js\u001b[39m","time":"2020-02-14T10:45:46.410Z","v":0}
{"name":"hexo","hostname":"User-PC","pid":8900,"level":20,"msg":"Processed: \u001b[35msource/lib/ua-parser-js/dist/ua-parser.pack.js\u001b[39m","time":"2020-02-14T10:45:46.426Z","v":0}
{"name":"hexo","hostname":"User-PC","pid":8900,"level":20,"msg":"Processed: \u001b[35mlayout/_partials/comments.swig\u001b[39m","time":"2020-02-14T10:45:46.441Z","v":0}
{"name":"hexo","hostname":"User-PC","pid":8900,"level":20,"msg":"Processed: \u001b[35mlayout/_macro/post.swig\u001b[39m","time":"2020-02-14T10:45:46.441Z","v":0}
{"name":"hexo","hostname":"User-PC","pid":8900,"level":20,"msg":"Processed: \u001b[35mlayout/_scripts/vendors.swig\u001b[39m","time":"2020-02-14T10:45:46.441Z","v":0}
{"name":"hexo","hostname":"User-PC","pid":8900,"level":20,"msg":"Processed: \u001b[35mlayout/_scripts/schemes/muse.swig\u001b[39m","time":"2020-02-14T10:45:46.441Z","v":0}
{"name":"hexo","hostname":"User-PC","pid":8900,"level":20,"msg":"Processed: \u001b[35mlayout/_scripts/schemes/mist.swig\u001b[39m","time":"2020-02-14T10:45:46.457Z","v":0}
{"name":"hexo","hostname":"User-PC","pid":8900,"level":20,"msg":"Processed: \u001b[35mlayout/_components/algolia-search/dom.swig\u001b[39m","time":"2020-02-14T10:45:46.472Z","v":0}
{"name":"hexo","hostname":"User-PC","pid":8900,"level":20,"msg":"Processed: \u001b[35mlayout/_components/algolia-search/assets.swig\u001b[39m","time":"2020-02-14T10:45:46.472Z","v":0}
{"name":"hexo","hostname":"User-PC","pid":8900,"level":20,"msg":"Processed: \u001b[35mlayout/_partials/head/custom-head.swig\u001b[39m","time":"2020-02-14T10:45:46.472Z","v":0}
{"name":"hexo","hostname":"User-PC","pid":8900,"level":20,"msg":"Processed: \u001b[35mlayout/_partials/head/external-fonts.swig\u001b[39m","time":"2020-02-14T10:45:46.488Z","v":0}
{"name":"hexo","hostname":"User-PC","pid":8900,"level":20,"msg":"Processed: \u001b[35mlayout/_partials/search/localsearch.swig\u001b[39m","time":"2020-02-14T10:45:46.488Z","v":0}
{"name":"hexo","hostname":"User-PC","pid":8900,"level":20,"msg":"Processed: \u001b[35mlayout/_partials/search/tinysou.swig\u001b[39m","time":"2020-02-14T10:45:46.488Z","v":0}
{"name":"hexo","hostname":"User-PC","pid":8900,"level":20,"msg":"Processed: \u001b[35mlayout/_partials/search/swiftype.swig\u001b[39m","time":"2020-02-14T10:45:46.488Z","v":0}
{"name":"hexo","hostname":"User-PC","pid":8900,"level":20,"msg":"Processed: \u001b[35mlayout/_partials/share/add-this.swig\u001b[39m","time":"2020-02-14T10:45:46.488Z","v":0}
{"name":"hexo","hostname":"User-PC","pid":8900,"level":20,"msg":"Processed: \u001b[35mlayout/_partials/share/duoshuo_share.swig\u001b[39m","time":"2020-02-14T10:45:46.488Z","v":0}
{"name":"hexo","hostname":"User-PC","pid":8900,"level":20,"msg":"Processed: \u001b[35mlayout/_partials/share/jiathis.swig\u001b[39m","time":"2020-02-14T10:45:46.488Z","v":0}
{"name":"hexo","hostname":"User-PC","pid":8900,"level":20,"msg":"Processed: \u001b[35mlayout/_scripts/pages/post-details.swig\u001b[39m","time":"2020-02-14T10:45:46.488Z","v":0}
{"name":"hexo","hostname":"User-PC","pid":8900,"level":20,"msg":"Processed: \u001b[35mlayout/_scripts/schemes/pisces.swig\u001b[39m","time":"2020-02-14T10:45:46.488Z","v":0}
{"name":"hexo","hostname":"User-PC","pid":8900,"level":20,"msg":"Processed: \u001b[35mlayout/_scripts/third-party/analytics.swig\u001b[39m","time":"2020-02-14T10:45:46.488Z","v":0}
{"name":"hexo","hostname":"User-PC","pid":8900,"level":20,"msg":"Processed: \u001b[35mlayout/_scripts/third-party/comments.swig\u001b[39m","time":"2020-02-14T10:45:46.488Z","v":0}
{"name":"hexo","hostname":"User-PC","pid":8900,"level":20,"msg":"Processed: \u001b[35mlayout/_partials/share/baidushare.swig\u001b[39m","time":"2020-02-14T10:45:46.488Z","v":0}
{"name":"hexo","hostname":"User-PC","pid":8900,"level":20,"msg":"Processed: \u001b[35mlayout/_scripts/third-party/exturl.swig\u001b[39m","time":"2020-02-14T10:45:46.488Z","v":0}
{"name":"hexo","hostname":"User-PC","pid":8900,"level":20,"msg":"Processed: \u001b[35mlayout/_scripts/third-party/tinysou.swig\u001b[39m","time":"2020-02-14T10:45:46.504Z","v":0}
{"name":"hexo","hostname":"User-PC","pid":8900,"level":20,"msg":"Processed: \u001b[35mlayout/_scripts/third-party/lean-analytics.swig\u001b[39m","time":"2020-02-14T10:45:46.504Z","v":0}
{"name":"hexo","hostname":"User-PC","pid":8900,"level":20,"msg":"Processed: \u001b[35mlayout/_scripts/third-party/localsearch.swig\u001b[39m","time":"2020-02-14T10:45:46.504Z","v":0}
{"name":"hexo","hostname":"User-PC","pid":8900,"level":20,"msg":"Processed: \u001b[35mlayout/_scripts/third-party/mathjax.swig\u001b[39m","time":"2020-02-14T10:45:46.504Z","v":0}
{"name":"hexo","hostname":"User-PC","pid":8900,"level":20,"msg":"Processed: \u001b[35mlayout/_scripts/third-party/schedule.swig\u001b[39m","time":"2020-02-14T10:45:46.504Z","v":0}
{"name":"hexo","hostname":"User-PC","pid":8900,"level":20,"msg":"Processed: \u001b[35msource/lib/font-awesome/fonts/fontawesome-webfont.woff2\u001b[39m","time":"2020-02-14T10:45:46.504Z","v":0}
{"name":"hexo","hostname":"User-PC","pid":8900,"level":20,"msg":"Processed: \u001b[35msource/lib/velocity/velocity.js\u001b[39m","time":"2020-02-14T10:45:46.504Z","v":0}
{"name":"hexo","hostname":"User-PC","pid":8900,"level":20,"msg":"Processed: \u001b[35msource/lib/fancybox/source/helpers/fancybox_buttons.png\u001b[39m","time":"2020-02-14T10:45:46.519Z","v":0}
{"name":"hexo","hostname":"User-PC","pid":8900,"level":20,"msg":"Processed: \u001b[35msource/lib/fancybox/source/helpers/jquery.fancybox-buttons.css\u001b[39m","time":"2020-02-14T10:45:46.519Z","v":0}
{"name":"hexo","hostname":"User-PC","pid":8900,"level":20,"msg":"Processed: \u001b[35msource/lib/fancybox/source/helpers/jquery.fancybox-buttons.js\u001b[39m","time":"2020-02-14T10:45:46.519Z","v":0}
{"name":"hexo","hostname":"User-PC","pid":8900,"level":20,"msg":"Processed: \u001b[35msource/lib/font-awesome/fonts/fontawesome-webfont.eot\u001b[39m","time":"2020-02-14T10:45:46.519Z","v":0}
{"name":"hexo","hostname":"User-PC","pid":8900,"level":20,"msg":"Processed: \u001b[35msource/lib/fancybox/source/helpers/jquery.fancybox-thumbs.css\u001b[39m","time":"2020-02-14T10:45:46.519Z","v":0}
{"name":"hexo","hostname":"User-PC","pid":8900,"level":20,"msg":"Processed: \u001b[35msource/lib/fancybox/source/helpers/jquery.fancybox-thumbs.js\u001b[39m","time":"2020-02-14T10:45:46.519Z","v":0}
{"name":"hexo","hostname":"User-PC","pid":8900,"level":20,"msg":"Processed: \u001b[35msource/lib/fancybox/source/helpers/jquery.fancybox-media.js\u001b[39m","time":"2020-02-14T10:45:46.519Z","v":0}
{"name":"hexo","hostname":"User-PC","pid":8900,"level":20,"msg":"Processed: \u001b[35msource/lib/font-awesome/fonts/fontawesome-webfont.woff\u001b[39m","time":"2020-02-14T10:45:46.535Z","v":0}
{"name":"hexo","hostname":"User-PC","pid":8900,"level":20,"msg":"Processed: \u001b[35mlayout/_scripts/third-party/analytics/baidu-analytics.swig\u001b[39m","time":"2020-02-14T10:45:46.550Z","v":0}
{"name":"hexo","hostname":"User-PC","pid":8900,"level":20,"msg":"Processed: \u001b[35mlayout/_scripts/third-party/analytics/facebook-sdk.swig\u001b[39m","time":"2020-02-14T10:45:46.550Z","v":0}
{"name":"hexo","hostname":"User-PC","pid":8900,"level":20,"msg":"Processed: \u001b[35mlayout/_scripts/third-party/analytics/busuanzi-counter.swig\u001b[39m","time":"2020-02-14T10:45:46.550Z","v":0}
{"name":"hexo","hostname":"User-PC","pid":8900,"level":20,"msg":"Processed: \u001b[35mlayout/_scripts/third-party/analytics/google-analytics.swig\u001b[39m","time":"2020-02-14T10:45:46.550Z","v":0}
{"name":"hexo","hostname":"User-PC","pid":8900,"level":20,"msg":"Processed: \u001b[35mlayout/_scripts/third-party/analytics/application-insights.swig\u001b[39m","time":"2020-02-14T10:45:46.550Z","v":0}
{"name":"hexo","hostname":"User-PC","pid":8900,"level":20,"msg":"Processed: \u001b[35mlayout/_scripts/third-party/analytics/tencent-analytics.swig\u001b[39m","time":"2020-02-14T10:45:46.550Z","v":0}
{"name":"hexo","hostname":"User-PC","pid":8900,"level":20,"msg":"Processed: \u001b[35mlayout/_scripts/third-party/analytics/vkontakte-api.swig\u001b[39m","time":"2020-02-14T10:45:46.550Z","v":0}
{"name":"hexo","hostname":"User-PC","pid":8900,"level":20,"msg":"Processed: \u001b[35mlayout/_scripts/third-party/analytics/tencent-mta.swig\u001b[39m","time":"2020-02-14T10:45:46.550Z","v":0}
{"name":"hexo","hostname":"User-PC","pid":8900,"level":20,"msg":"Processed: \u001b[35mlayout/_scripts/third-party/comments/gentie.swig\u001b[39m","time":"2020-02-14T10:45:46.550Z","v":0}
{"name":"hexo","hostname":"User-PC","pid":8900,"level":20,"msg":"Processed: \u001b[35mlayout/_scripts/third-party/comments/disqus.swig\u001b[39m","time":"2020-02-14T10:45:46.566Z","v":0}
{"name":"hexo","hostname":"User-PC","pid":8900,"level":20,"msg":"Processed: \u001b[35mlayout/_scripts/third-party/comments/livere.swig\u001b[39m","time":"2020-02-14T10:45:46.566Z","v":0}
{"name":"hexo","hostname":"User-PC","pid":8900,"level":20,"msg":"Processed: \u001b[35mlayout/_scripts/third-party/comments/duoshuo.swig\u001b[39m","time":"2020-02-14T10:45:46.566Z","v":0}
{"name":"hexo","hostname":"User-PC","pid":8900,"level":20,"msg":"Processed: \u001b[35mlayout/_scripts/third-party/comments/hypercomments.swig\u001b[39m","time":"2020-02-14T10:45:46.566Z","v":0}
{"name":"hexo","hostname":"User-PC","pid":8900,"level":20,"msg":"Processed: \u001b[35mlayout/_scripts/third-party/comments/youyan.swig\u001b[39m","time":"2020-02-14T10:45:46.566Z","v":0}
{"name":"hexo","hostname":"User-PC","pid":8900,"level":20,"msg":"Processed: \u001b[35mlayout/_scripts/third-party/analytics/cnzz-analytics.swig\u001b[39m","time":"2020-02-14T10:45:46.566Z","v":0}
{"name":"hexo","hostname":"User-PC","pid":8900,"level":20,"msg":"Processed: \u001b[35msource/lib/font-awesome/fonts/FontAwesome.otf\u001b[39m","time":"2020-02-14T10:45:46.566Z","v":0}
{"name":"hexo","hostname":"User-PC","pid":8900,"level":20,"msg":"Processed: \u001b[35msource/lib/font-awesome/fonts/fontawesome-webfont.ttf\u001b[39m","time":"2020-02-14T10:45:46.566Z","v":0}
{"name":"hexo","hostname":"User-PC","pid":8900,"level":20,"msg":"Processed: \u001b[35msource/lib/algolia-instant-search/instantsearch.min.js\u001b[39m","time":"2020-02-14T10:45:46.566Z","v":0}
{"name":"hexo","hostname":"User-PC","pid":8900,"level":20,"msg":"Processed: \u001b[35msource/lib/font-awesome/fonts/fontawesome-webfont.svg\u001b[39m","time":"2020-02-14T10:45:46.566Z","v":0}
{"name":"hexo","hostname":"User-PC","pid":8900,"level":20,"msg":"Generator: \u001b[35mpage\u001b[39m","time":"2020-02-14T10:45:46.940Z","v":0}
{"name":"hexo","hostname":"User-PC","pid":8900,"level":20,"msg":"Generator: \u001b[35mpost\u001b[39m","time":"2020-02-14T10:45:46.940Z","v":0}
{"name":"hexo","hostname":"User-PC","pid":8900,"level":20,"msg":"Generator: \u001b[35marchive\u001b[39m","time":"2020-02-14T10:45:46.940Z","v":0}
{"name":"hexo","hostname":"User-PC","pid":8900,"level":20,"msg":"Generator: \u001b[35mindex\u001b[39m","time":"2020-02-14T10:45:46.940Z","v":0}
{"name":"hexo","hostname":"User-PC","pid":8900,"level":20,"msg":"Generator: \u001b[35mcategory\u001b[39m","time":"2020-02-14T10:45:46.940Z","v":0}
{"name":"hexo","hostname":"User-PC","pid":8900,"level":20,"msg":"Generator: \u001b[35msearch\u001b[39m","time":"2020-02-14T10:45:46.940Z","v":0}
{"name":"hexo","hostname":"User-PC","pid":8900,"level":20,"msg":"Generator: \u001b[35mtag\u001b[39m","time":"2020-02-14T10:45:46.940Z","v":0}
{"name":"hexo","hostname":"User-PC","pid":8900,"level":20,"msg":"Generator: \u001b[35masset\u001b[39m","time":"2020-02-14T10:45:46.940Z","v":0}
{"name":"hexo","hostname":"User-PC","pid":8900,"level":30,"msg":"Hexo is running at \u001b[4mhttp://localhost:4000/\u001b[24m. Press Ctrl+C to stop.","time":"2020-02-14T10:45:46.987Z","v":0}
{"name":"hexo","hostname":"User-PC","pid":8900,"level":20,"msg":"Database saved","time":"2020-02-14T10:45:47.003Z","v":0}
{"name":"hexo","hostname":"User-PC","pid":8900,"level":30,"msg":"Good bye","time":"2020-02-14T10:45:56.035Z","v":0}
{"name":"hexo","hostname":"User-PC","pid":8900,"level":20,"msg":"Database saved","time":"2020-02-14T10:45:56.082Z","v":0}
{"name":"hexo","hostname":"User-PC","pid":8168,"level":20,"msg":"Hexo version: \u001b[35m3.2.2\u001b[39m","time":"2020-02-14T10:46:08.906Z","v":0}
{"name":"hexo","hostname":"User-PC","pid":8168,"level":20,"msg":"Working directory: \u001b[35mF:\\blog\\\u001b[39m","time":"2020-02-14T10:46:08.906Z","v":0}
{"name":"hexo","hostname":"User-PC","pid":8168,"level":20,"msg":"Config loaded: \u001b[35mF:\\blog\\_config.yml\u001b[39m","time":"2020-02-14T10:46:09.093Z","v":0}
{"name":"hexo","hostname":"User-PC","pid":8168,"level":20,"msg":"Plugin loaded: \u001b[35mhexo-deployer-git\u001b[39m","time":"2020-02-14T10:46:09.124Z","v":0}
{"name":"hexo","hostname":"User-PC","pid":8168,"level":20,"msg":"Plugin loaded: \u001b[35mhexo-generator-archive\u001b[39m","time":"2020-02-14T10:46:09.124Z","v":0}
{"name":"hexo","hostname":"User-PC","pid":8168,"level":20,"msg":"Plugin loaded: \u001b[35mhexo-generator-index\u001b[39m","time":"2020-02-14T10:46:09.124Z","v":0}
{"name":"hexo","hostname":"User-PC","pid":8168,"level":20,"msg":"Plugin loaded: \u001b[35mhexo-generator-searchdb\u001b[39m","time":"2020-02-14T10:46:09.155Z","v":0}
{"name":"hexo","hostname":"User-PC","pid":8168,"level":20,"msg":"Plugin loaded: \u001b[35mhexo-generator-tag\u001b[39m","time":"2020-02-14T10:46:09.155Z","v":0}
{"name":"hexo","hostname":"User-PC","pid":8168,"level":20,"msg":"Plugin loaded: \u001b[35mhexo-renderer-ejs\u001b[39m","time":"2020-02-14T10:46:09.171Z","v":0}
{"name":"hexo","hostname":"User-PC","pid":8168,"level":20,"msg":"Plugin loaded: \u001b[35mhexo-renderer-marked\u001b[39m","time":"2020-02-14T10:46:09.171Z","v":0}
{"name":"hexo","hostname":"User-PC","pid":8168,"level":20,"msg":"Plugin loaded: \u001b[35mhexo-renderer-stylus\u001b[39m","time":"2020-02-14T10:46:09.171Z","v":0}
{"name":"hexo","hostname":"User-PC","pid":8168,"level":20,"msg":"Plugin loaded: \u001b[35mhexo-server\u001b[39m","time":"2020-02-14T10:46:09.280Z","v":0}
{"name":"hexo","hostname":"User-PC","pid":8168,"level":20,"msg":"Script loaded: \u001b[35mthemes\\next\\scripts\\merge-configs.js\u001b[39m","time":"2020-02-14T10:46:09.296Z","v":0}
{"name":"hexo","hostname":"User-PC","pid":8168,"level":20,"msg":"Script loaded: \u001b[35mthemes\\next\\scripts\\tags\\center-quote.js\u001b[39m","time":"2020-02-14T10:46:09.296Z","v":0}
{"name":"hexo","hostname":"User-PC","pid":8168,"level":20,"msg":"Script loaded: \u001b[35mthemes\\next\\scripts\\tags\\button.js\u001b[39m","time":"2020-02-14T10:46:09.296Z","v":0}
{"name":"hexo","hostname":"User-PC","pid":8168,"level":20,"msg":"Script loaded: \u001b[35mthemes\\next\\scripts\\merge.js\u001b[39m","time":"2020-02-14T10:46:09.296Z","v":0}
{"name":"hexo","hostname":"User-PC","pid":8168,"level":20,"msg":"Script loaded: \u001b[35mthemes\\next\\scripts\\tags\\exturl.js\u001b[39m","time":"2020-02-14T10:46:09.296Z","v":0}
{"name":"hexo","hostname":"User-PC","pid":8168,"level":20,"msg":"Script loaded: \u001b[35mthemes\\next\\scripts\\tags\\full-image.js\u001b[39m","time":"2020-02-14T10:46:09.296Z","v":0}
{"name":"hexo","hostname":"User-PC","pid":8168,"level":20,"msg":"Plugin loaded: \u001b[35mhexo-generator-category\u001b[39m","time":"2020-02-14T10:46:09.311Z","v":0}
{"name":"hexo","hostname":"User-PC","pid":8168,"level":20,"msg":"Script loaded: \u001b[35mthemes\\next\\scripts\\tags\\note.js\u001b[39m","time":"2020-02-14T10:46:09.311Z","v":0}
{"name":"hexo","hostname":"User-PC","pid":8168,"level":20,"msg":"Script loaded: \u001b[35mthemes\\next\\scripts\\tags\\group-pictures.js\u001b[39m","time":"2020-02-14T10:46:09.311Z","v":0}
{"name":"hexo","hostname":"User-PC","pid":8168,"level":20,"msg":"Loading database.","time":"2020-02-14T10:46:09.327Z","v":0}
{"name":"hexo","hostname":"User-PC","pid":8168,"level":30,"msg":"Start processing","time":"2020-02-14T10:46:09.452Z","v":0}
{"name":"hexo","hostname":"User-PC","pid":8168,"level":20,"msg":"Processed: \u001b[35mStaticfile\u001b[39m","time":"2020-02-14T10:46:09.514Z","v":0}
{"name":"hexo","hostname":"User-PC","pid":8168,"level":20,"msg":"Processed: \u001b[35mCNAME\u001b[39m","time":"2020-02-14T10:46:09.530Z","v":0}
{"name":"hexo","hostname":"User-PC","pid":8168,"level":20,"msg":"Processed: \u001b[35m_posts/BlurImage.md\u001b[39m","time":"2020-02-14T10:46:09.576Z","v":0}
{"name":"hexo","hostname":"User-PC","pid":8168,"level":20,"msg":"Processed: \u001b[35m_posts/HTML5-CSS-2.md\u001b[39m","time":"2020-02-14T10:46:09.592Z","v":0}
{"name":"hexo","hostname":"User-PC","pid":8168,"level":20,"msg":"Processed: \u001b[35m_posts/HTML5-CSS-3.md\u001b[39m","time":"2020-02-14T10:46:09.592Z","v":0}
{"name":"hexo","hostname":"User-PC","pid":8168,"level":20,"msg":"Processed: \u001b[35m_posts/JQuery.md\u001b[39m","time":"2020-02-14T10:46:09.592Z","v":0}
{"name":"hexo","hostname":"User-PC","pid":8168,"level":20,"msg":"Processed: \u001b[35m_posts/HTML5-CSS-5.md\u001b[39m","time":"2020-02-14T10:46:09.592Z","v":0}
{"name":"hexo","hostname":"User-PC","pid":8168,"level":20,"msg":"Processed: \u001b[35m_posts/JS_Liao-1.md\u001b[39m","time":"2020-02-14T10:46:09.592Z","v":0}
{"name":"hexo","hostname":"User-PC","pid":8168,"level":20,"msg":"Processed: \u001b[35m_posts/JS 字符串操作.md\u001b[39m","time":"2020-02-14T10:46:09.592Z","v":0}
{"name":"hexo","hostname":"User-PC","pid":8168,"level":20,"msg":"Processed: \u001b[35m_posts/JS高级程序设计学习笔记.md\u001b[39m","time":"2020-02-14T10:46:09.592Z","v":0}
{"name":"hexo","hostname":"User-PC","pid":8168,"level":20,"msg":"Processed: \u001b[35m_posts/JS_Liao-2.md\u001b[39m","time":"2020-02-14T10:46:09.592Z","v":0}
{"name":"hexo","hostname":"User-PC","pid":8168,"level":20,"msg":"Processed: \u001b[35m_posts/hello-world.md\u001b[39m","time":"2020-02-14T10:46:09.592Z","v":0}
{"name":"hexo","hostname":"User-PC","pid":8168,"level":20,"msg":"Processed: \u001b[35m_posts/基本知识总结.md\u001b[39m","time":"2020-02-14T10:46:09.592Z","v":0}
{"name":"hexo","hostname":"User-PC","pid":8168,"level":20,"msg":"Processed: \u001b[35m_posts/工作总结(Nobook).md\u001b[39m","time":"2020-02-14T10:46:09.592Z","v":0}
{"name":"hexo","hostname":"User-PC","pid":8168,"level":20,"msg":"Processed: \u001b[35m_posts/常见排序算法的JS实现.md\u001b[39m","time":"2020-02-14T10:46:09.592Z","v":0}
{"name":"hexo","hostname":"User-PC","pid":8168,"level":20,"msg":"Processed: \u001b[35m_posts/personal-summary.md\u001b[39m","time":"2020-02-14T10:46:09.608Z","v":0}
{"name":"hexo","hostname":"User-PC","pid":8168,"level":20,"msg":"Processed: \u001b[35m_posts/HTML5-CSS-4.md\u001b[39m","time":"2020-02-14T10:46:09.608Z","v":0}
{"name":"hexo","hostname":"User-PC","pid":8168,"level":20,"msg":"Processed: \u001b[35mcategories/index.md\u001b[39m","time":"2020-02-14T10:46:09.608Z","v":0}
{"name":"hexo","hostname":"User-PC","pid":8168,"level":20,"msg":"Processed: \u001b[35mtags/index.md\u001b[39m","time":"2020-02-14T10:46:09.608Z","v":0}
{"name":"hexo","hostname":"User-PC","pid":8168,"level":20,"msg":"Processed: \u001b[35mimg/promise.png\u001b[39m","time":"2020-02-14T10:46:09.608Z","v":0}
{"name":"hexo","hostname":"User-PC","pid":8168,"level":20,"msg":"Processed: \u001b[35mimg/ajax.png\u001b[39m","time":"2020-02-14T10:46:09.608Z","v":0}
{"name":"hexo","hostname":"User-PC","pid":8168,"level":20,"msg":"Processed: \u001b[35m_posts/JS高级程序设计学习笔记\u001b[39m","time":"2020-02-14T10:46:09.608Z","v":0}
{"name":"hexo","hostname":"User-PC","pid":8168,"level":20,"msg":"Processed: \u001b[35msource/404.html\u001b[39m","time":"2020-02-14T10:46:09.623Z","v":0}
{"name":"hexo","hostname":"User-PC","pid":8168,"level":20,"msg":"Processed: \u001b[35msource/resume.md\u001b[39m","time":"2020-02-14T10:46:09.639Z","v":0}
{"name":"hexo","hostname":"User-PC","pid":8168,"level":20,"msg":"Theme config loaded.","time":"2020-02-14T10:46:09.670Z","v":0}
{"name":"hexo","hostname":"User-PC","pid":8168,"level":20,"msg":"Processed: \u001b[35m_config.yml\u001b[39m","time":"2020-02-14T10:46:09.686Z","v":0}
{"name":"hexo","hostname":"User-PC","pid":8168,"level":20,"msg":"Processed: \u001b[35msource/css/main.styl\u001b[39m","time":"2020-02-14T10:46:09.701Z","v":0}
{"name":"hexo","hostname":"User-PC","pid":8168,"level":20,"msg":"Processed: \u001b[35msource/images/algolia_logo.svg\u001b[39m","time":"2020-02-14T10:46:09.701Z","v":0}
{"name":"hexo","hostname":"User-PC","pid":8168,"level":20,"msg":"Processed: \u001b[35msource/images/avatar.gif\u001b[39m","time":"2020-02-14T10:46:09.701Z","v":0}
{"name":"hexo","hostname":"User-PC","pid":8168,"level":20,"msg":"Processed: \u001b[35msource/images/cc-by-nc-sa.svg\u001b[39m","time":"2020-02-14T10:46:09.701Z","v":0}
{"name":"hexo","hostname":"User-PC","pid":8168,"level":20,"msg":"Processed: \u001b[35msource/images/cc-by-nc-nd.svg\u001b[39m","time":"2020-02-14T10:46:09.701Z","v":0}
{"name":"hexo","hostname":"User-PC","pid":8168,"level":20,"msg":"Processed: \u001b[35msource/images/cc-by-nd.svg\u001b[39m","time":"2020-02-14T10:46:09.701Z","v":0}
{"name":"hexo","hostname":"User-PC","pid":8168,"level":20,"msg":"Processed: \u001b[35msource/images/cc-by-nc.svg\u001b[39m","time":"2020-02-14T10:46:09.701Z","v":0}
{"name":"hexo","hostname":"User-PC","pid":8168,"level":20,"msg":"Processed: \u001b[35msource/images/cc-by-sa.svg\u001b[39m","time":"2020-02-14T10:46:09.701Z","v":0}
{"name":"hexo","hostname":"User-PC","pid":8168,"level":20,"msg":"Processed: \u001b[35msource/images/avatar.jpg\u001b[39m","time":"2020-02-14T10:46:09.717Z","v":0}
{"name":"hexo","hostname":"User-PC","pid":8168,"level":20,"msg":"Processed: \u001b[35msource/images/cc-zero.svg\u001b[39m","time":"2020-02-14T10:46:09.717Z","v":0}
{"name":"hexo","hostname":"User-PC","pid":8168,"level":20,"msg":"Processed: \u001b[35msource/images/quote-l.svg\u001b[39m","time":"2020-02-14T10:46:09.717Z","v":0}
{"name":"hexo","hostname":"User-PC","pid":8168,"level":20,"msg":"Processed: \u001b[35msource/images/loading.gif\u001b[39m","time":"2020-02-14T10:46:09.717Z","v":0}
{"name":"hexo","hostname":"User-PC","pid":8168,"level":20,"msg":"Processed: \u001b[35msource/images/placeholder.gif\u001b[39m","time":"2020-02-14T10:46:09.717Z","v":0}
{"name":"hexo","hostname":"User-PC","pid":8168,"level":20,"msg":"Processed: \u001b[35msource/images/quote-r.svg\u001b[39m","time":"2020-02-14T10:46:09.717Z","v":0}
{"name":"hexo","hostname":"User-PC","pid":8168,"level":20,"msg":"Processed: \u001b[35msource/images/resume.png\u001b[39m","time":"2020-02-14T10:46:09.717Z","v":0}
{"name":"hexo","hostname":"User-PC","pid":8168,"level":20,"msg":"Processed: \u001b[35msource/images/searchicon.png\u001b[39m","time":"2020-02-14T10:46:09.717Z","v":0}
{"name":"hexo","hostname":"User-PC","pid":8168,"level":20,"msg":"Processed: \u001b[35msource/images/zhihu.jpg\u001b[39m","time":"2020-02-14T10:46:09.717Z","v":0}
{"name":"hexo","hostname":"User-PC","pid":8168,"level":20,"msg":"Processed: \u001b[35msource/images/cc-by.svg\u001b[39m","time":"2020-02-14T10:46:09.717Z","v":0}
{"name":"hexo","hostname":"User-PC","pid":8168,"level":20,"msg":"Processed: \u001b[35mlanguages/id.yml\u001b[39m","time":"2020-02-14T10:46:09.748Z","v":0}
{"name":"hexo","hostname":"User-PC","pid":8168,"level":20,"msg":"Processed: \u001b[35mlanguages/pt.yml\u001b[39m","time":"2020-02-14T10:46:09.748Z","v":0}
{"name":"hexo","hostname":"User-PC","pid":8168,"level":20,"msg":"Processed: \u001b[35mlanguages/fr-FR.yml\u001b[39m","time":"2020-02-14T10:46:09.748Z","v":0}
{"name":"hexo","hostname":"User-PC","pid":8168,"level":20,"msg":"Processed: \u001b[35mlanguages/default.yml\u001b[39m","time":"2020-02-14T10:46:09.748Z","v":0}
{"name":"hexo","hostname":"User-PC","pid":8168,"level":20,"msg":"Processed: \u001b[35mlanguages/ko.yml\u001b[39m","time":"2020-02-14T10:46:09.748Z","v":0}
{"name":"hexo","hostname":"User-PC","pid":8168,"level":20,"msg":"Processed: \u001b[35mlanguages/zh-Hans.yml\u001b[39m","time":"2020-02-14T10:46:09.764Z","v":0}
{"name":"hexo","hostname":"User-PC","pid":8168,"level":20,"msg":"Processed: \u001b[35mlanguages/ru.yml\u001b[39m","time":"2020-02-14T10:46:09.764Z","v":0}
{"name":"hexo","hostname":"User-PC","pid":8168,"level":20,"msg":"Processed: \u001b[35mlanguages/zh-tw.yml\u001b[39m","time":"2020-02-14T10:46:09.764Z","v":0}
{"name":"hexo","hostname":"User-PC","pid":8168,"level":20,"msg":"Processed: \u001b[35mlanguages/zh-hk.yml\u001b[39m","time":"2020-02-14T10:46:09.764Z","v":0}
{"name":"hexo","hostname":"User-PC","pid":8168,"level":20,"msg":"Processed: \u001b[35mlayout/_layout.swig\u001b[39m","time":"2020-02-14T10:46:09.935Z","v":0}
{"name":"hexo","hostname":"User-PC","pid":8168,"level":20,"msg":"Processed: \u001b[35mlayout/category.swig\u001b[39m","time":"2020-02-14T10:46:09.935Z","v":0}
{"name":"hexo","hostname":"User-PC","pid":8168,"level":20,"msg":"Processed: \u001b[35mlayout/index.swig\u001b[39m","time":"2020-02-14T10:46:09.935Z","v":0}
{"name":"hexo","hostname":"User-PC","pid":8168,"level":20,"msg":"Processed: \u001b[35mlayout/archive.swig\u001b[39m","time":"2020-02-14T10:46:09.935Z","v":0}
{"name":"hexo","hostname":"User-PC","pid":8168,"level":20,"msg":"Processed: \u001b[35mlayout/page.swig\u001b[39m","time":"2020-02-14T10:46:09.935Z","v":0}
{"name":"hexo","hostname":"User-PC","pid":8168,"level":20,"msg":"Processed: \u001b[35mlayout/tag.swig\u001b[39m","time":"2020-02-14T10:46:09.935Z","v":0}
{"name":"hexo","hostname":"User-PC","pid":8168,"level":20,"msg":"Processed: \u001b[35mlayout/schedule.swig\u001b[39m","time":"2020-02-14T10:46:09.935Z","v":0}
{"name":"hexo","hostname":"User-PC","pid":8168,"level":20,"msg":"Processed: \u001b[35mlayout/post.swig\u001b[39m","time":"2020-02-14T10:46:09.935Z","v":0}
{"name":"hexo","hostname":"User-PC","pid":8168,"level":20,"msg":"Processed: \u001b[35mlanguages/pt-BR.yml\u001b[39m","time":"2020-02-14T10:46:09.951Z","v":0}
{"name":"hexo","hostname":"User-PC","pid":8168,"level":20,"msg":"Processed: \u001b[35mlanguages/en.yml\u001b[39m","time":"2020-02-14T10:46:09.951Z","v":0}
{"name":"hexo","hostname":"User-PC","pid":8168,"level":20,"msg":"Processed: \u001b[35mlanguages/de.yml\u001b[39m","time":"2020-02-14T10:46:09.951Z","v":0}
{"name":"hexo","hostname":"User-PC","pid":8168,"level":20,"msg":"Processed: \u001b[35mlanguages/ja.yml\u001b[39m","time":"2020-02-14T10:46:09.951Z","v":0}
{"name":"hexo","hostname":"User-PC","pid":8168,"level":20,"msg":"Processed: \u001b[35msource/js/src/algolia-search.js\u001b[39m","time":"2020-02-14T10:46:09.951Z","v":0}
{"name":"hexo","hostname":"User-PC","pid":8168,"level":20,"msg":"Processed: \u001b[35msource/js/src/affix.js\u001b[39m","time":"2020-02-14T10:46:09.951Z","v":0}
{"name":"hexo","hostname":"User-PC","pid":8168,"level":20,"msg":"Processed: \u001b[35msource/js/src/bootstrap.js\u001b[39m","time":"2020-02-14T10:46:09.966Z","v":0}
{"name":"hexo","hostname":"User-PC","pid":8168,"level":20,"msg":"Processed: \u001b[35msource/js/src/motion.js\u001b[39m","time":"2020-02-14T10:46:09.966Z","v":0}
{"name":"hexo","hostname":"User-PC","pid":8168,"level":20,"msg":"Processed: \u001b[35msource/js/src/exturl.js\u001b[39m","time":"2020-02-14T10:46:09.966Z","v":0}
{"name":"hexo","hostname":"User-PC","pid":8168,"level":20,"msg":"Processed: \u001b[35msource/js/src/utils.js\u001b[39m","time":"2020-02-14T10:46:09.966Z","v":0}
{"name":"hexo","hostname":"User-PC","pid":8168,"level":20,"msg":"Processed: \u001b[35msource/js/src/scrollspy.js\u001b[39m","time":"2020-02-14T10:46:09.966Z","v":0}
{"name":"hexo","hostname":"User-PC","pid":8168,"level":20,"msg":"Processed: \u001b[35msource/js/src/post-details.js\u001b[39m","time":"2020-02-14T10:46:09.966Z","v":0}
{"name":"hexo","hostname":"User-PC","pid":8168,"level":20,"msg":"Processed: \u001b[35msource/js/src/hook-duoshuo.js\u001b[39m","time":"2020-02-14T10:46:09.966Z","v":0}
{"name":"hexo","hostname":"User-PC","pid":8168,"level":20,"msg":"Processed: \u001b[35msource/lib/fastclick/LICENSE\u001b[39m","time":"2020-02-14T10:46:09.966Z","v":0}
{"name":"hexo","hostname":"User-PC","pid":8168,"level":20,"msg":"Processed: \u001b[35msource/lib/fastclick/README.md\u001b[39m","time":"2020-02-14T10:46:09.966Z","v":0}
{"name":"hexo","hostname":"User-PC","pid":8168,"level":20,"msg":"Processed: \u001b[35msource/lib/jquery_lazyload/README.md\u001b[39m","time":"2020-02-14T10:46:09.982Z","v":0}
{"name":"hexo","hostname":"User-PC","pid":8168,"level":20,"msg":"Processed: \u001b[35msource/lib/jquery_lazyload/bower.json\u001b[39m","time":"2020-02-14T10:46:09.982Z","v":0}
{"name":"hexo","hostname":"User-PC","pid":8168,"level":20,"msg":"Processed: \u001b[35msource/lib/jquery_lazyload/jquery.lazyload.js\u001b[39m","time":"2020-02-14T10:46:09.982Z","v":0}
{"name":"hexo","hostname":"User-PC","pid":8168,"level":20,"msg":"Processed: \u001b[35msource/lib/fastclick/bower.json\u001b[39m","time":"2020-02-14T10:46:09.982Z","v":0}
{"name":"hexo","hostname":"User-PC","pid":8168,"level":20,"msg":"Processed: \u001b[35msource/lib/velocity/bower.json\u001b[39m","time":"2020-02-14T10:46:09.982Z","v":0}
{"name":"hexo","hostname":"User-PC","pid":8168,"level":20,"msg":"Processed: \u001b[35msource/lib/velocity/velocity.min.js\u001b[39m","time":"2020-02-14T10:46:09.982Z","v":0}
{"name":"hexo","hostname":"User-PC","pid":8168,"level":20,"msg":"Processed: \u001b[35msource/lib/velocity/velocity.ui.js\u001b[39m","time":"2020-02-14T10:46:09.982Z","v":0}
{"name":"hexo","hostname":"User-PC","pid":8168,"level":20,"msg":"Processed: \u001b[35msource/lib/velocity/velocity.ui.min.js\u001b[39m","time":"2020-02-14T10:46:09.982Z","v":0}
{"name":"hexo","hostname":"User-PC","pid":8168,"level":20,"msg":"Processed: \u001b[35msource/lib/jquery_lazyload/jquery.scrollstop.js\u001b[39m","time":"2020-02-14T10:46:09.982Z","v":0}
{"name":"hexo","hostname":"User-PC","pid":8168,"level":20,"msg":"Processed: \u001b[35msource/lib/algolia-instant-search/instantsearch.min.css\u001b[39m","time":"2020-02-14T10:46:09.982Z","v":0}
{"name":"hexo","hostname":"User-PC","pid":8168,"level":20,"msg":"Processed: \u001b[35msource/lib/jquery_lazyload/CONTRIBUTING.md\u001b[39m","time":"2020-02-14T10:46:09.982Z","v":0}
{"name":"hexo","hostname":"User-PC","pid":8168,"level":20,"msg":"Processed: \u001b[35msource/lib/font-awesome/bower.json\u001b[39m","time":"2020-02-14T10:46:09.982Z","v":0}
{"name":"hexo","hostname":"User-PC","pid":8168,"level":20,"msg":"Processed: \u001b[35msource/lib/font-awesome/HELP-US-OUT.txt\u001b[39m","time":"2020-02-14T10:46:09.998Z","v":0}
{"name":"hexo","hostname":"User-PC","pid":8168,"level":20,"msg":"Processed: \u001b[35msource/lib/canvas-nest/canvas-nest.min.js\u001b[39m","time":"2020-02-14T10:46:09.998Z","v":0}
{"name":"hexo","hostname":"User-PC","pid":8168,"level":20,"msg":"Processed: \u001b[35msource/lib/jquery/index.js\u001b[39m","time":"2020-02-14T10:46:09.998Z","v":0}
{"name":"hexo","hostname":"User-PC","pid":8168,"level":20,"msg":"Processed: \u001b[35mlayout/_custom/sidebar.swig\u001b[39m","time":"2020-02-14T10:46:10.044Z","v":0}
{"name":"hexo","hostname":"User-PC","pid":8168,"level":20,"msg":"Processed: \u001b[35mlayout/_partials/comments.swig\u001b[39m","time":"2020-02-14T10:46:10.044Z","v":0}
{"name":"hexo","hostname":"User-PC","pid":8168,"level":20,"msg":"Processed: \u001b[35mlayout/_custom/header.swig\u001b[39m","time":"2020-02-14T10:46:10.044Z","v":0}
{"name":"hexo","hostname":"User-PC","pid":8168,"level":20,"msg":"Processed: \u001b[35mlayout/_partials/header.swig\u001b[39m","time":"2020-02-14T10:46:10.044Z","v":0}
{"name":"hexo","hostname":"User-PC","pid":8168,"level":20,"msg":"Processed: \u001b[35mlayout/_partials/duoshuo-hot-articles.swig\u001b[39m","time":"2020-02-14T10:46:10.044Z","v":0}
{"name":"hexo","hostname":"User-PC","pid":8168,"level":20,"msg":"Processed: \u001b[35mlayout/_partials/footer.swig\u001b[39m","time":"2020-02-14T10:46:10.044Z","v":0}
{"name":"hexo","hostname":"User-PC","pid":8168,"level":20,"msg":"Processed: \u001b[35mlayout/_macro/post-copyright.swig\u001b[39m","time":"2020-02-14T10:46:10.044Z","v":0}
{"name":"hexo","hostname":"User-PC","pid":8168,"level":20,"msg":"Processed: \u001b[35mlayout/_partials/search.swig\u001b[39m","time":"2020-02-14T10:46:10.044Z","v":0}
{"name":"hexo","hostname":"User-PC","pid":8168,"level":20,"msg":"Processed: \u001b[35mlayout/_partials/head.swig\u001b[39m","time":"2020-02-14T10:46:10.044Z","v":0}
{"name":"hexo","hostname":"User-PC","pid":8168,"level":20,"msg":"Processed: \u001b[35mlayout/_macro/post-collapse.swig\u001b[39m","time":"2020-02-14T10:46:10.044Z","v":0}
{"name":"hexo","hostname":"User-PC","pid":8168,"level":20,"msg":"Processed: \u001b[35mlayout/_scripts/boostrap.swig\u001b[39m","time":"2020-02-14T10:46:10.044Z","v":0}
{"name":"hexo","hostname":"User-PC","pid":8168,"level":20,"msg":"Processed: \u001b[35mlayout/_macro/post.swig\u001b[39m","time":"2020-02-14T10:46:10.060Z","v":0}
{"name":"hexo","hostname":"User-PC","pid":8168,"level":20,"msg":"Processed: \u001b[35mlayout/_macro/sidebar.swig\u001b[39m","time":"2020-02-14T10:46:10.060Z","v":0}
{"name":"hexo","hostname":"User-PC","pid":8168,"level":20,"msg":"Processed: \u001b[35mlayout/_macro/reward.swig\u001b[39m","time":"2020-02-14T10:46:10.060Z","v":0}
{"name":"hexo","hostname":"User-PC","pid":8168,"level":20,"msg":"Processed: \u001b[35mlayout/_scripts/baidu-push.swig\u001b[39m","time":"2020-02-14T10:46:10.060Z","v":0}
{"name":"hexo","hostname":"User-PC","pid":8168,"level":20,"msg":"Processed: \u001b[35mlayout/_macro/wechat-subscriber.swig\u001b[39m","time":"2020-02-14T10:46:10.060Z","v":0}
{"name":"hexo","hostname":"User-PC","pid":8168,"level":20,"msg":"Processed: \u001b[35mlayout/_partials/pagination.swig\u001b[39m","time":"2020-02-14T10:46:10.060Z","v":0}
{"name":"hexo","hostname":"User-PC","pid":8168,"level":20,"msg":"Processed: \u001b[35mlayout/_scripts/commons.swig\u001b[39m","time":"2020-02-14T10:46:10.060Z","v":0}
{"name":"hexo","hostname":"User-PC","pid":8168,"level":20,"msg":"Processed: \u001b[35mlayout/_scripts/vendors.swig\u001b[39m","time":"2020-02-14T10:46:10.060Z","v":0}
{"name":"hexo","hostname":"User-PC","pid":8168,"level":20,"msg":"Processed: \u001b[35mlayout/_partials/page-header.swig\u001b[39m","time":"2020-02-14T10:46:10.060Z","v":0}
{"name":"hexo","hostname":"User-PC","pid":8168,"level":20,"msg":"Processed: \u001b[35msource/js/src/schemes/pisces.js\u001b[39m","time":"2020-02-14T10:46:10.060Z","v":0}
{"name":"hexo","hostname":"User-PC","pid":8168,"level":20,"msg":"Processed: \u001b[35msource/lib/fancybox/source/fancybox_loading@2x.gif\u001b[39m","time":"2020-02-14T10:46:10.076Z","v":0}
{"name":"hexo","hostname":"User-PC","pid":8168,"level":20,"msg":"Processed: \u001b[35msource/lib/fancybox/source/blank.gif\u001b[39m","time":"2020-02-14T10:46:10.076Z","v":0}
{"name":"hexo","hostname":"User-PC","pid":8168,"level":20,"msg":"Processed: \u001b[35msource/lib/fancybox/source/fancybox_sprite@2x.png\u001b[39m","time":"2020-02-14T10:46:10.076Z","v":0}
{"name":"hexo","hostname":"User-PC","pid":8168,"level":20,"msg":"Processed: \u001b[35msource/lib/fancybox/source/fancybox_loading.gif\u001b[39m","time":"2020-02-14T10:46:10.076Z","v":0}
{"name":"hexo","hostname":"User-PC","pid":8168,"level":20,"msg":"Processed: \u001b[35msource/lib/fancybox/source/jquery.fancybox.css\u001b[39m","time":"2020-02-14T10:46:10.076Z","v":0}
{"name":"hexo","hostname":"User-PC","pid":8168,"level":20,"msg":"Processed: \u001b[35msource/lib/fancybox/source/jquery.fancybox.js\u001b[39m","time":"2020-02-14T10:46:10.076Z","v":0}
{"name":"hexo","hostname":"User-PC","pid":8168,"level":20,"msg":"Processed: \u001b[35msource/lib/fancybox/source/jquery.fancybox.pack.js\u001b[39m","time":"2020-02-14T10:46:10.076Z","v":0}
{"name":"hexo","hostname":"User-PC","pid":8168,"level":20,"msg":"Processed: \u001b[35msource/lib/fancybox/source/fancybox_sprite.png\u001b[39m","time":"2020-02-14T10:46:10.076Z","v":0}
{"name":"hexo","hostname":"User-PC","pid":8168,"level":20,"msg":"Processed: \u001b[35msource/lib/fastclick/lib/fastclick.js\u001b[39m","time":"2020-02-14T10:46:10.076Z","v":0}
{"name":"hexo","hostname":"User-PC","pid":8168,"level":20,"msg":"Processed: \u001b[35msource/lib/fastclick/lib/fastclick.min.js\u001b[39m","time":"2020-02-14T10:46:10.076Z","v":0}
{"name":"hexo","hostname":"User-PC","pid":8168,"level":20,"msg":"Processed: \u001b[35msource/lib/ua-parser-js/dist/ua-parser.min.js\u001b[39m","time":"2020-02-14T10:46:10.076Z","v":0}
{"name":"hexo","hostname":"User-PC","pid":8168,"level":20,"msg":"Processed: \u001b[35msource/lib/ua-parser-js/dist/ua-parser.pack.js\u001b[39m","time":"2020-02-14T10:46:10.076Z","v":0}
{"name":"hexo","hostname":"User-PC","pid":8168,"level":20,"msg":"Processed: \u001b[35msource/lib/fancybox/source/fancybox_overlay.png\u001b[39m","time":"2020-02-14T10:46:10.076Z","v":0}
{"name":"hexo","hostname":"User-PC","pid":8168,"level":20,"msg":"Processed: \u001b[35msource/lib/font-awesome/css/font-awesome.min.css\u001b[39m","time":"2020-02-14T10:46:10.076Z","v":0}
{"name":"hexo","hostname":"User-PC","pid":8168,"level":20,"msg":"Processed: \u001b[35msource/lib/font-awesome/css/font-awesome.css.map\u001b[39m","time":"2020-02-14T10:46:10.091Z","v":0}
{"name":"hexo","hostname":"User-PC","pid":8168,"level":20,"msg":"Processed: \u001b[35msource/lib/font-awesome/css/font-awesome.css\u001b[39m","time":"2020-02-14T10:46:10.091Z","v":0}
{"name":"hexo","hostname":"User-PC","pid":8168,"level":20,"msg":"Processed: \u001b[35mlayout/_scripts/schemes/muse.swig\u001b[39m","time":"2020-02-14T10:46:10.091Z","v":0}
{"name":"hexo","hostname":"User-PC","pid":8168,"level":20,"msg":"Processed: \u001b[35mlayout/_scripts/schemes/mist.swig\u001b[39m","time":"2020-02-14T10:46:10.091Z","v":0}
{"name":"hexo","hostname":"User-PC","pid":8168,"level":20,"msg":"Processed: \u001b[35msource/lib/velocity/velocity.js\u001b[39m","time":"2020-02-14T10:46:10.091Z","v":0}
{"name":"hexo","hostname":"User-PC","pid":8168,"level":20,"msg":"Processed: \u001b[35msource/lib/font-awesome/fonts/fontawesome-webfont.woff\u001b[39m","time":"2020-02-14T10:46:10.091Z","v":0}
{"name":"hexo","hostname":"User-PC","pid":8168,"level":20,"msg":"Processed: \u001b[35msource/lib/font-awesome/fonts/fontawesome-webfont.woff2\u001b[39m","time":"2020-02-14T10:46:10.091Z","v":0}
{"name":"hexo","hostname":"User-PC","pid":8168,"level":20,"msg":"Processed: \u001b[35mlayout/_components/algolia-search/assets.swig\u001b[39m","time":"2020-02-14T10:46:10.107Z","v":0}
{"name":"hexo","hostname":"User-PC","pid":8168,"level":20,"msg":"Processed: \u001b[35mlayout/_components/algolia-search/dom.swig\u001b[39m","time":"2020-02-14T10:46:10.122Z","v":0}
{"name":"hexo","hostname":"User-PC","pid":8168,"level":20,"msg":"Processed: \u001b[35mlayout/_partials/head/custom-head.swig\u001b[39m","time":"2020-02-14T10:46:10.122Z","v":0}
{"name":"hexo","hostname":"User-PC","pid":8168,"level":20,"msg":"Processed: \u001b[35mlayout/_partials/search/localsearch.swig\u001b[39m","time":"2020-02-14T10:46:10.122Z","v":0}
{"name":"hexo","hostname":"User-PC","pid":8168,"level":20,"msg":"Processed: \u001b[35mlayout/_partials/share/add-this.swig\u001b[39m","time":"2020-02-14T10:46:10.122Z","v":0}
{"name":"hexo","hostname":"User-PC","pid":8168,"level":20,"msg":"Processed: \u001b[35mlayout/_partials/search/swiftype.swig\u001b[39m","time":"2020-02-14T10:46:10.122Z","v":0}
{"name":"hexo","hostname":"User-PC","pid":8168,"level":20,"msg":"Processed: \u001b[35mlayout/_partials/head/external-fonts.swig\u001b[39m","time":"2020-02-14T10:46:10.122Z","v":0}
{"name":"hexo","hostname":"User-PC","pid":8168,"level":20,"msg":"Processed: \u001b[35mlayout/_partials/share/duoshuo_share.swig\u001b[39m","time":"2020-02-14T10:46:10.122Z","v":0}
{"name":"hexo","hostname":"User-PC","pid":8168,"level":20,"msg":"Processed: \u001b[35mlayout/_partials/share/baidushare.swig\u001b[39m","time":"2020-02-14T10:46:10.122Z","v":0}
{"name":"hexo","hostname":"User-PC","pid":8168,"level":20,"msg":"Processed: \u001b[35mlayout/_scripts/pages/post-details.swig\u001b[39m","time":"2020-02-14T10:46:10.122Z","v":0}
{"name":"hexo","hostname":"User-PC","pid":8168,"level":20,"msg":"Processed: \u001b[35mlayout/_partials/share/jiathis.swig\u001b[39m","time":"2020-02-14T10:46:10.122Z","v":0}
{"name":"hexo","hostname":"User-PC","pid":8168,"level":20,"msg":"Processed: \u001b[35mlayout/_scripts/third-party/comments.swig\u001b[39m","time":"2020-02-14T10:46:10.122Z","v":0}
{"name":"hexo","hostname":"User-PC","pid":8168,"level":20,"msg":"Processed: \u001b[35mlayout/_scripts/third-party/exturl.swig\u001b[39m","time":"2020-02-14T10:46:10.122Z","v":0}
{"name":"hexo","hostname":"User-PC","pid":8168,"level":20,"msg":"Processed: \u001b[35mlayout/_scripts/schemes/pisces.swig\u001b[39m","time":"2020-02-14T10:46:10.122Z","v":0}
{"name":"hexo","hostname":"User-PC","pid":8168,"level":20,"msg":"Processed: \u001b[35mlayout/_scripts/third-party/localsearch.swig\u001b[39m","time":"2020-02-14T10:46:10.138Z","v":0}
{"name":"hexo","hostname":"User-PC","pid":8168,"level":20,"msg":"Processed: \u001b[35mlayout/_scripts/third-party/tinysou.swig\u001b[39m","time":"2020-02-14T10:46:10.138Z","v":0}
{"name":"hexo","hostname":"User-PC","pid":8168,"level":20,"msg":"Processed: \u001b[35mlayout/_partials/search/tinysou.swig\u001b[39m","time":"2020-02-14T10:46:10.138Z","v":0}
{"name":"hexo","hostname":"User-PC","pid":8168,"level":20,"msg":"Processed: \u001b[35mlayout/_scripts/third-party/schedule.swig\u001b[39m","time":"2020-02-14T10:46:10.138Z","v":0}
{"name":"hexo","hostname":"User-PC","pid":8168,"level":20,"msg":"Processed: \u001b[35mlayout/_scripts/third-party/analytics.swig\u001b[39m","time":"2020-02-14T10:46:10.138Z","v":0}
{"name":"hexo","hostname":"User-PC","pid":8168,"level":20,"msg":"Processed: \u001b[35mlayout/_scripts/third-party/mathjax.swig\u001b[39m","time":"2020-02-14T10:46:10.138Z","v":0}
{"name":"hexo","hostname":"User-PC","pid":8168,"level":20,"msg":"Processed: \u001b[35mlayout/_scripts/third-party/lean-analytics.swig\u001b[39m","time":"2020-02-14T10:46:10.138Z","v":0}
{"name":"hexo","hostname":"User-PC","pid":8168,"level":20,"msg":"Processed: \u001b[35msource/lib/fancybox/source/helpers/fancybox_buttons.png\u001b[39m","time":"2020-02-14T10:46:10.138Z","v":0}
{"name":"hexo","hostname":"User-PC","pid":8168,"level":20,"msg":"Processed: \u001b[35msource/lib/fancybox/source/helpers/jquery.fancybox-buttons.js\u001b[39m","time":"2020-02-14T10:46:10.138Z","v":0}
{"name":"hexo","hostname":"User-PC","pid":8168,"level":20,"msg":"Processed: \u001b[35msource/lib/fancybox/source/helpers/jquery.fancybox-buttons.css\u001b[39m","time":"2020-02-14T10:46:10.154Z","v":0}
{"name":"hexo","hostname":"User-PC","pid":8168,"level":20,"msg":"Processed: \u001b[35msource/lib/fancybox/source/helpers/jquery.fancybox-thumbs.js\u001b[39m","time":"2020-02-14T10:46:10.154Z","v":0}
{"name":"hexo","hostname":"User-PC","pid":8168,"level":20,"msg":"Processed: \u001b[35msource/lib/fancybox/source/helpers/jquery.fancybox-thumbs.css\u001b[39m","time":"2020-02-14T10:46:10.154Z","v":0}
{"name":"hexo","hostname":"User-PC","pid":8168,"level":20,"msg":"Processed: \u001b[35msource/lib/fancybox/source/helpers/jquery.fancybox-media.js\u001b[39m","time":"2020-02-14T10:46:10.154Z","v":0}
{"name":"hexo","hostname":"User-PC","pid":8168,"level":20,"msg":"Processed: \u001b[35msource/lib/font-awesome/fonts/FontAwesome.otf\u001b[39m","time":"2020-02-14T10:46:10.154Z","v":0}
{"name":"hexo","hostname":"User-PC","pid":8168,"level":20,"msg":"Processed: \u001b[35msource/lib/font-awesome/fonts/fontawesome-webfont.eot\u001b[39m","time":"2020-02-14T10:46:10.154Z","v":0}
{"name":"hexo","hostname":"User-PC","pid":8168,"level":20,"msg":"Processed: \u001b[35msource/lib/font-awesome/fonts/fontawesome-webfont.ttf\u001b[39m","time":"2020-02-14T10:46:10.154Z","v":0}
{"name":"hexo","hostname":"User-PC","pid":8168,"level":20,"msg":"Processed: \u001b[35msource/lib/algolia-instant-search/instantsearch.min.js\u001b[39m","time":"2020-02-14T10:46:10.154Z","v":0}
{"name":"hexo","hostname":"User-PC","pid":8168,"level":20,"msg":"Processed: \u001b[35mlayout/_scripts/third-party/comments/disqus.swig\u001b[39m","time":"2020-02-14T10:46:10.185Z","v":0}
{"name":"hexo","hostname":"User-PC","pid":8168,"level":20,"msg":"Processed: \u001b[35mlayout/_scripts/third-party/comments/duoshuo.swig\u001b[39m","time":"2020-02-14T10:46:10.185Z","v":0}
{"name":"hexo","hostname":"User-PC","pid":8168,"level":20,"msg":"Processed: \u001b[35mlayout/_scripts/third-party/comments/youyan.swig\u001b[39m","time":"2020-02-14T10:46:10.185Z","v":0}
{"name":"hexo","hostname":"User-PC","pid":8168,"level":20,"msg":"Processed: \u001b[35mlayout/_scripts/third-party/comments/livere.swig\u001b[39m","time":"2020-02-14T10:46:10.185Z","v":0}
{"name":"hexo","hostname":"User-PC","pid":8168,"level":20,"msg":"Processed: \u001b[35mlayout/_scripts/third-party/comments/gentie.swig\u001b[39m","time":"2020-02-14T10:46:10.185Z","v":0}
{"name":"hexo","hostname":"User-PC","pid":8168,"level":20,"msg":"Processed: \u001b[35mlayout/_scripts/third-party/analytics/baidu-analytics.swig\u001b[39m","time":"2020-02-14T10:46:10.185Z","v":0}
{"name":"hexo","hostname":"User-PC","pid":8168,"level":20,"msg":"Processed: \u001b[35mlayout/_scripts/third-party/analytics/application-insights.swig\u001b[39m","time":"2020-02-14T10:46:10.185Z","v":0}
{"name":"hexo","hostname":"User-PC","pid":8168,"level":20,"msg":"Processed: \u001b[35mlayout/_scripts/third-party/analytics/cnzz-analytics.swig\u001b[39m","time":"2020-02-14T10:46:10.200Z","v":0}
{"name":"hexo","hostname":"User-PC","pid":8168,"level":20,"msg":"Processed: \u001b[35mlayout/_scripts/third-party/comments/hypercomments.swig\u001b[39m","time":"2020-02-14T10:46:10.200Z","v":0}
{"name":"hexo","hostname":"User-PC","pid":8168,"level":20,"msg":"Processed: \u001b[35mlayout/_scripts/third-party/analytics/tencent-mta.swig\u001b[39m","time":"2020-02-14T10:46:10.200Z","v":0}
{"name":"hexo","hostname":"User-PC","pid":8168,"level":20,"msg":"Processed: \u001b[35mlayout/_scripts/third-party/analytics/tencent-analytics.swig\u001b[39m","time":"2020-02-14T10:46:10.200Z","v":0}
{"name":"hexo","hostname":"User-PC","pid":8168,"level":20,"msg":"Processed: \u001b[35mlayout/_scripts/third-party/analytics/vkontakte-api.swig\u001b[39m","time":"2020-02-14T10:46:10.200Z","v":0}
{"name":"hexo","hostname":"User-PC","pid":8168,"level":20,"msg":"Processed: \u001b[35mlayout/_scripts/third-party/analytics/google-analytics.swig\u001b[39m","time":"2020-02-14T10:46:10.200Z","v":0}
{"name":"hexo","hostname":"User-PC","pid":8168,"level":20,"msg":"Processed: \u001b[35mlayout/_scripts/third-party/analytics/facebook-sdk.swig\u001b[39m","time":"2020-02-14T10:46:10.200Z","v":0}
{"name":"hexo","hostname":"User-PC","pid":8168,"level":20,"msg":"Processed: \u001b[35mlayout/_scripts/third-party/analytics/busuanzi-counter.swig\u001b[39m","time":"2020-02-14T10:46:10.200Z","v":0}
{"name":"hexo","hostname":"User-PC","pid":8168,"level":20,"msg":"Processed: \u001b[35msource/lib/font-awesome/fonts/fontawesome-webfont.svg\u001b[39m","time":"2020-02-14T10:46:10.200Z","v":0}
{"name":"hexo","hostname":"User-PC","pid":8168,"level":20,"msg":"Generator: \u001b[35mpage\u001b[39m","time":"2020-02-14T10:46:10.497Z","v":0}
{"name":"hexo","hostname":"User-PC","pid":8168,"level":20,"msg":"Generator: \u001b[35mpost\u001b[39m","time":"2020-02-14T10:46:10.497Z","v":0}
{"name":"hexo","hostname":"User-PC","pid":8168,"level":20,"msg":"Generator: \u001b[35marchive\u001b[39m","time":"2020-02-14T10:46:10.497Z","v":0}
{"name":"hexo","hostname":"User-PC","pid":8168,"level":20,"msg":"Generator: \u001b[35mindex\u001b[39m","time":"2020-02-14T10:46:10.497Z","v":0}
{"name":"hexo","hostname":"User-PC","pid":8168,"level":20,"msg":"Generator: \u001b[35msearch\u001b[39m","time":"2020-02-14T10:46:10.497Z","v":0}
{"name":"hexo","hostname":"User-PC","pid":8168,"level":20,"msg":"Generator: \u001b[35mtag\u001b[39m","time":"2020-02-14T10:46:10.497Z","v":0}
{"name":"hexo","hostname":"User-PC","pid":8168,"level":20,"msg":"Generator: \u001b[35mcategory\u001b[39m","time":"2020-02-14T10:46:10.497Z","v":0}
{"name":"hexo","hostname":"User-PC","pid":8168,"level":20,"msg":"Generator: \u001b[35masset\u001b[39m","time":"2020-02-14T10:46:10.512Z","v":0}
{"name":"hexo","hostname":"User-PC","pid":8168,"level":30,"msg":"Hexo is running at \u001b[4mhttp://localhost:4000/\u001b[24m. Press Ctrl+C to stop.","time":"2020-02-14T10:46:10.544Z","v":0}
{"name":"hexo","hostname":"User-PC","pid":8168,"level":20,"msg":"Database saved","time":"2020-02-14T10:46:10.559Z","v":0}
{"name":"hexo","hostname":"User-PC","pid":8168,"level":20,"msg":"Rendering index: \u001b[35mindex.html\u001b[39m","time":"2020-02-14T10:46:15.832Z","v":0}
{"name":"hexo","hostname":"User-PC","pid":8168,"level":20,"msg":"Rendering post: \u001b[35m2017/08/16/常见排序算法的JS实现/index.html\u001b[39m","time":"2020-02-14T10:46:23.517Z","v":0}
{"name":"hexo","hostname":"User-PC","pid":8168,"level":30,"msg":"See you again","time":"2020-02-14T10:47:24.640Z","v":0}
{"name":"hexo","hostname":"User-PC","pid":8168,"level":20,"msg":"Database saved","time":"2020-02-14T10:47:24.718Z","v":0}
